<?xml version="1.0" encoding="UTF-8"?>
<!-- Generated by org.testng.reporters.JUnitReportReporter -->
<testsuite hostname="Debu" failures="0" tests="5" name="HealthCare_test.Testing" time="77.129" errors="0" timestamp="2025-09-08T09:26:59 IST" skipped="0">
  <testcase classname="HealthCare_test.Testing" name="home" time="8.000"/>
  <testcase classname="HealthCare_test.Testing" name="programSection" time="39.465"/>
  <testcase classname="HealthCare_test.Testing" name="Registration" time="13.344"/>
  <testcase classname="HealthCare_test.Testing" name="Login" time="11.736"/>
  <testcase classname="HealthCare_test.Testing" name="contactUs" time="4.584"/>
</testsuite> <!-- HealthCare_test.Testing -->
